30743
29922
30395
29524
32283
29955
0
0
0
30849
30292
0
0
0
30292
29871
0
28702
0
30348
30743
30743
0
0
0
0
30238
0
0
30743
0
29788
0
31093
0
30000
30354
0
0
30292
0
0
30517
0
29186
30587
26874
30292
0
0
0
27750
0
30292
0
30292
28692
26271
0
0
29681
0
27750
0
0
30849
30587
30235
0
29350
0
30903
0
0
30743
0
30938
30083
0
30292
29986
0
0
0
0
0
30743
0
0
0
0
0
0
30557
30852
30586
0
0
0
0
0
0
0
29250
0
28690
0
30743
27839
0
0
0
0
30559
30292
0
0
31292
29997
0
30743
0
30292
28692
0
0
27998
30676
0
0
0
0
0
0
0
0
0
30743
29943
0
0
0
0
0
30743
28907
0
0
0
30292
30292
29593
0
0
0
30000
0
0
0
30472
0
30743
28702
0
0
26271
30213
0
30809
0
31222
0
0
0
30072
29129
0
0
0
0
0
30305
30292
0
29409
0
29409
30743
0
0
30654
27750
0
0
30409
0
0
0
30292
30083
0
0
0
0
29955
0
30292
30292
29524
28846
0
30611
0
30528
30743
30395
0
0
0
30219
30743
0
0
29643
0
0
0
30238
0
30611
0
27119
29836
0
30849
0
27998
0
0
0
30849
0
0
0
0
30147
0
30517
30743
0
30305
0
0
0
0
0
0
0
0
30695
0
0
30383
0
29409
30354
0
0
0
0
0
29643
0
30259
0
29836
0
0
0
30047
0
0
0
30559
0
31292
0
28690
29540
30676
0
30196
30292
0
0
28383
31032
30743
30557
0
0
29871
0
0
0
29475
0
0
30083
0
0
30252
30175
0
30540
29250
0
30743
0
0
0
0
0
0
0
0
0
30849
29186
0
27750
29836
0
30743
30911
30383
28907
27839
29593
30235
0
30559
0
0
29969
0
0
30695
0
30743
31372
29643
29696
0
0
30292
29409
27750
0
29997
0
0
0
29480
30292
0
0
30743
30292
30257
29387
0
29955
30292
0
0
0
0
30348
30852
28189
30292
30160
27623
0
0
30784
30292
